TN:
SF:src/App.jsx
FN:5,(anonymous_0)
FN:14,(anonymous_1)
FNF:2
FNH:2
FNDA:3,(anonymous_0)
FNDA:3,(anonymous_1)
DA:5,2
DA:6,3
DA:14,2
DA:15,3
LF:4
LH:4
BRF:0
BRH:0
end_of_record
TN:
SF:src/index.jsx
FNF:0
FNH:0
DA:7,1
DA:8,1
DA:10,1
LF:3
LH:3
BRF:0
BRH:0
end_of_record
TN:
SF:src/components/ContactPage/ContactPage.jsx
FN:4,(anonymous_0)
FN:11,(anonymous_1)
FN:18,(anonymous_2)
FN:26,(anonymous_3)
FN:36,(anonymous_4)
FN:63,(anonymous_5)
FN:65,(anonymous_6)
FN:74,(anonymous_7)
FN:87,(anonymous_8)
FN:89,(anonymous_9)
FN:92,(anonymous_10)
FN:94,(anonymous_11)
FN:96,(anonymous_12)
FN:99,(anonymous_13)
FN:105,(anonymous_14)
FN:129,(anonymous_15)
FNF:16
FNH:16
FNDA:677,(anonymous_0)
FNDA:310,(anonymous_1)
FNDA:181,(anonymous_2)
FNDA:224,(anonymous_3)
FNDA:1123,(anonymous_4)
FNDA:221,(anonymous_5)
FNDA:1105,(anonymous_6)
FNDA:220,(anonymous_7)
FNDA:193,(anonymous_8)
FNDA:193,(anonymous_9)
FNDA:18,(anonymous_10)
FNDA:18,(anonymous_11)
FNDA:18,(anonymous_12)
FNDA:1,(anonymous_13)
FNDA:5,(anonymous_14)
FNDA:3520,(anonymous_15)
DA:4,3
DA:5,677
DA:6,186
DA:8,491
DA:11,3
DA:12,310
DA:13,67
DA:15,243
DA:18,3
DA:19,181
DA:20,181
DA:21,60
DA:23,121
DA:26,3
DA:27,224
DA:28,165
DA:30,59
DA:31,15
DA:33,44
DA:36,3
DA:37,1123
DA:39,226
DA:45,226
DA:51,224
DA:53,225
DA:59,222
DA:63,3
DA:64,221
DA:65,221
DA:66,1105
DA:67,1105
DA:68,321
DA:71,221
DA:74,3
DA:75,220
DA:83,220
DA:84,220
DA:85,220
DA:87,220
DA:88,193
DA:89,193
DA:92,220
DA:93,18
DA:94,18
DA:95,18
DA:96,18
DA:99,220
DA:100,1
DA:101,1
DA:102,1
DA:103,1
DA:105,5
DA:110,1
DA:111,0
DA:112,0
DA:117,1
DA:124,1
DA:125,1
DA:126,1
DA:129,3520
DA:131,220
DA:136,220
LF:62
LH:60
BRDA:5,0,0,186
BRDA:5,0,1,491
BRDA:12,1,0,67
BRDA:12,1,1,243
BRDA:20,2,0,60
BRDA:20,2,1,121
BRDA:27,3,0,165
BRDA:27,3,1,59
BRDA:30,4,0,15
BRDA:30,4,1,44
BRDA:37,5,0,226
BRDA:37,5,1,226
BRDA:37,5,2,224
BRDA:37,5,3,225
BRDA:37,5,4,222
BRDA:40,6,0,226
BRDA:40,6,1,211
BRDA:46,7,0,226
BRDA:46,7,1,181
BRDA:54,8,0,225
BRDA:54,8,1,99
BRDA:67,9,0,321
BRDA:67,9,1,784
BRDA:96,10,0,18
BRDA:96,10,1,11
BRDA:110,11,0,0
BRDA:110,11,1,1
BRDA:129,12,0,3520
BRDA:129,12,1,1412
BRDA:131,13,0,220
BRDA:131,13,1,52
BRDA:131,13,2,52
BRDA:131,13,3,52
BRDA:151,14,0,220
BRDA:151,14,1,1
BRDA:164,15,0,26
BRDA:164,15,1,194
BRDA:174,16,0,26
BRDA:174,16,1,194
BRDA:176,17,0,220
BRDA:176,17,1,26
BRDA:188,18,0,1
BRDA:188,18,1,219
BRDA:197,19,0,1
BRDA:197,19,1,219
BRDA:199,20,0,220
BRDA:199,20,1,1
BRDA:213,21,0,10
BRDA:213,21,1,210
BRDA:224,22,0,10
BRDA:224,22,1,210
BRDA:226,23,0,220
BRDA:226,23,1,10
BRDA:256,24,0,2
BRDA:256,24,1,218
BRDA:266,25,0,2
BRDA:266,25,1,218
BRDA:268,26,0,220
BRDA:268,26,1,2
BRF:59
BRH:58
end_of_record
TN:
SF:src/components/Header/Header.jsx
FN:5,(anonymous_0)
FN:8,(anonymous_1)
FN:9,(anonymous_2)
FN:12,(anonymous_3)
FN:16,(anonymous_4)
FNF:5
FNH:5
FNDA:7,(anonymous_0)
FNDA:2,(anonymous_1)
FNDA:2,(anonymous_2)
FNDA:2,(anonymous_3)
FNDA:45,(anonymous_4)
DA:5,3
DA:6,7
DA:8,7
DA:9,2
DA:12,7
DA:13,2
DA:16,7
DA:17,45
DA:19,7
LF:9
LH:9
BRDA:17,0,0,9
BRDA:17,0,1,36
BRDA:39,1,0,1
BRDA:39,1,1,6
BRF:4
BRH:4
end_of_record
